{
  "stats": {
    "suites": 1,
    "tests": 1,
    "passes": 1,
    "pending": 0,
    "failures": 0,
    "start": "2024-03-26T06:39:35.741Z",
    "end": "2024-03-26T06:39:41.634Z",
    "duration": 5893,
    "testsRegistered": 1,
    "passPercent": 100,
    "pendingPercent": 0,
    "other": 0,
    "hasOther": false,
    "skipped": 0,
    "hasSkipped": false
  },
  "results": [
    {
      "uuid": "54fa1a9f-342d-4a4a-85b9-aa254e0713cb",
      "title": "",
      "fullFile": "cypress\\e2e\\UI\\product-purchase.cy.js",
      "file": "cypress\\e2e\\UI\\product-purchase.cy.js",
      "beforeHooks": [],
      "afterHooks": [],
      "tests": [],
      "suites": [
        {
          "uuid": "8ab607fa-9606-4e4d-8788-0dcb77057c58",
          "title": "product purchase",
          "fullFile": "",
          "file": "",
          "beforeHooks": [],
          "afterHooks": [],
          "tests": [
            {
              "title": "Search",
              "fullTitle": "product purchase Search",
              "timedOut": null,
              "duration": 3107,
              "state": "passed",
              "speed": "fast",
              "pass": true,
              "fail": false,
              "pending": false,
              "context": null,
              "code": "_HomePage.homePage.searchProduct('Combination Pliers');",
              "err": {},
              "uuid": "fa9db563-ead7-4f9e-be9f-31b23c7c9b01",
              "parentUUID": "8ab607fa-9606-4e4d-8788-0dcb77057c58",
              "isHook": false,
              "skipped": false
            }
          ],
          "suites": [],
          "passes": [
            "fa9db563-ead7-4f9e-be9f-31b23c7c9b01"
          ],
          "failures": [],
          "pending": [],
          "skipped": [],
          "duration": 3107,
          "root": false,
          "rootEmpty": false,
          "_timeout": 2000
        }
      ],
      "passes": [],
      "failures": [],
      "pending": [],
      "skipped": [],
      "duration": 0,
      "root": true,
      "rootEmpty": true,
      "_timeout": 2000
    }
  ],
  "meta": {
    "mocha": {
      "version": "7.0.1"
    },
    "mochawesome": {
      "options": {
        "quiet": true,
        "reportFilename": "mochawesome-report",
        "saveHtml": false,
        "saveJson": true,
        "consoleReporter": "spec",
        "useInlineDiffs": false,
        "code": true
      },
      "version": "7.1.3"
    },
    "marge": {
      "options": {
        "id": "default",
        "reportDir": "cypress/results/json",
        "overwrite": false,
        "charts": true,
        "html": false,
        "json": true,
        "reportFilename": "mochawesome-report",
        "quiet": true
      },
      "version": "6.2.0"
    }
  }
}