{
  "stats": {
    "suites": 1,
    "tests": 1,
    "passes": 1,
    "pending": 0,
    "failures": 0,
    "start": "2024-03-26T07:26:17.537Z",
    "end": "2024-03-26T07:26:22.934Z",
    "duration": 5397,
    "testsRegistered": 1,
    "passPercent": 100,
    "pendingPercent": 0,
    "other": 0,
    "hasOther": false,
    "skipped": 0,
    "hasSkipped": false
  },
  "results": [
    {
      "uuid": "2441a4b9-c677-4ee7-874a-521763617939",
      "title": "",
      "fullFile": "cypress\\e2e\\UI\\product-purchase.cy.js",
      "file": "cypress\\e2e\\UI\\product-purchase.cy.js",
      "beforeHooks": [],
      "afterHooks": [],
      "tests": [],
      "suites": [
        {
          "uuid": "aff4e577-bd2d-4cd0-9a92-5365768506e1",
          "title": "product purchase",
          "fullFile": "",
          "file": "",
          "beforeHooks": [],
          "afterHooks": [],
          "tests": [
            {
              "title": "Search",
              "fullTitle": "product purchase Search",
              "timedOut": null,
              "duration": 2393,
              "state": "passed",
              "speed": "fast",
              "pass": true,
              "fail": false,
              "pending": false,
              "context": null,
              "code": "_HomePage.homePage.searchProduct('Combination Pliers');",
              "err": {},
              "uuid": "3a6b8db9-67ae-42a9-bc76-57360ab46e39",
              "parentUUID": "aff4e577-bd2d-4cd0-9a92-5365768506e1",
              "isHook": false,
              "skipped": false
            }
          ],
          "suites": [],
          "passes": [
            "3a6b8db9-67ae-42a9-bc76-57360ab46e39"
          ],
          "failures": [],
          "pending": [],
          "skipped": [],
          "duration": 2393,
          "root": false,
          "rootEmpty": false,
          "_timeout": 2000
        }
      ],
      "passes": [],
      "failures": [],
      "pending": [],
      "skipped": [],
      "duration": 0,
      "root": true,
      "rootEmpty": true,
      "_timeout": 2000
    }
  ],
  "meta": {
    "mocha": {
      "version": "7.0.1"
    },
    "mochawesome": {
      "options": {
        "quiet": true,
        "reportFilename": "mochawesome-report",
        "saveHtml": false,
        "saveJson": true,
        "consoleReporter": "spec",
        "useInlineDiffs": false,
        "code": true
      },
      "version": "7.1.3"
    },
    "marge": {
      "options": {
        "id": "default",
        "reportDir": "cypress/results/json",
        "overwrite": false,
        "charts": true,
        "html": false,
        "json": true,
        "reportFilename": "mochawesome-report",
        "quiet": true
      },
      "version": "6.2.0"
    }
  }
}